<?xml version="1.0" encoding="UTF-8"?>
<!-- Generated by org.testng.reporters.JUnitXMLReporter -->
<testsuite ignored="0" hostname="Sahana_Laptop" failures="0" tests="3" name="Surefire test" time="12.441" errors="0" timestamp="2026-08-27T20:27:25 EDT">
  <testcase classname="tests.LoginTest" name="verifyLogin" time="1.001"/>
  <testcase classname="tests.LoginTest" name="verifyLogin" time="1.703"/>
  <testcase classname="tests.LoginTest" name="verifyLogin" time="1.144"/>
</testsuite> <!-- Surefire test -->
