<?xml version="1.0" encoding="UTF-8"?>
<testng-results ignored="0" total="2" passed="2" failed="0" skipped="0">
  <reporter-output>
  </reporter-output>
  <suite started-at="2026-09-14T21:14:21 EDT" name="Suite" finished-at="2026-09-14T21:14:30 EDT" duration-ms="9261">
    <groups>
    </groups>
    <test started-at="2026-09-14T21:14:21 EDT" name="Tests" finished-at="2026-09-14T21:14:30 EDT" duration-ms="9261">
      <class name="tests.LoginTest">
        <test-method is-config="true" signature="setup()[pri:0, instance:tests.LoginTest@add0edd]" started-at="2026-09-14T21:14:21 EDT" name="setup" finished-at="2026-09-14T21:14:25 EDT" duration-ms="4008" status="PASS">
          <reporter-output>
          </reporter-output>
        </test-method> <!-- setup -->
        <test-method signature="verifyLogin(java.lang.String,java.lang.String)[pri:0, instance:tests.LoginTest@add0edd]" started-at="2026-09-14T21:14:26 EDT" name="verifyLogin" data-provider="loginData" finished-at="2026-09-14T21:14:27 EDT" duration-ms="1558" status="PASS">
          <params>
            <param index="0">
              <value>
                <![CDATA[student]]>
              </value>
            </param>
            <param index="1">
              <value>
                <![CDATA[Password123]]>
              </value>
            </param>
          </params>
          <reporter-output>
          </reporter-output>
        </test-method> <!-- verifyLogin -->
        <test-method is-config="true" signature="tearDown()[pri:0, instance:tests.LoginTest@add0edd]" started-at="2026-09-14T21:14:27 EDT" name="tearDown" finished-at="2026-09-14T21:14:27 EDT" duration-ms="220" status="PASS">
          <reporter-output>
          </reporter-output>
        </test-method> <!-- tearDown -->
        <test-method is-config="true" signature="setup()[pri:0, instance:tests.LoginTest@add0edd]" started-at="2026-09-14T21:14:27 EDT" name="setup" finished-at="2026-09-14T21:14:29 EDT" duration-ms="1342" status="PASS">
          <reporter-output>
          </reporter-output>
        </test-method> <!-- setup -->
        <test-method signature="verifyLogin(java.lang.String,java.lang.String)[pri:0, instance:tests.LoginTest@add0edd]" started-at="2026-09-14T21:14:29 EDT" name="verifyLogin" data-provider="loginData" finished-at="2026-09-14T21:14:30 EDT" duration-ms="1055" status="PASS">
          <params>
            <param index="0">
              <value>
                <![CDATA[student]]>
              </value>
            </param>
            <param index="1">
              <value>
                <![CDATA[wrong123]]>
              </value>
            </param>
          </params>
          <reporter-output>
          </reporter-output>
        </test-method> <!-- verifyLogin -->
        <test-method is-config="true" signature="tearDown()[pri:0, instance:tests.LoginTest@add0edd]" started-at="2026-09-14T21:14:30 EDT" name="tearDown" finished-at="2026-09-14T21:14:30 EDT" duration-ms="195" status="PASS">
          <reporter-output>
          </reporter-output>
        </test-method> <!-- tearDown -->
      </class> <!-- tests.LoginTest -->
    </test> <!-- Tests -->
  </suite> <!-- Suite -->
</testng-results>
