<?xml version="1.0" encoding="UTF-8"?>
<testng-results ignored="0" total="2" passed="2" failed="0" skipped="0">
  <reporter-output>
  </reporter-output>
  <suite started-at="2026-08-27T21:07:23 EDT" name="Suite" finished-at="2026-08-27T21:07:32 EDT" duration-ms="9824">
    <groups>
    </groups>
    <test started-at="2026-08-27T21:07:23 EDT" name="Tests" finished-at="2026-08-27T21:07:32 EDT" duration-ms="9824">
      <class name="tests.LoginTest">
        <test-method is-config="true" signature="setup()[pri:0, instance:tests.LoginTest@3f197a46]" started-at="2026-08-27T21:07:23 EDT" name="setup" finished-at="2026-08-27T21:07:28 EDT" duration-ms="4164" status="PASS">
          <reporter-output>
          </reporter-output>
        </test-method> <!-- setup -->
        <test-method signature="verifyLogin(java.lang.String,java.lang.String)[pri:0, instance:tests.LoginTest@3f197a46]" started-at="2026-08-27T21:07:28 EDT" name="verifyLogin" data-provider="loginData" finished-at="2026-08-27T21:07:29 EDT" duration-ms="1764" status="PASS">
          <params>
            <param index="0">
              <value>
                <![CDATA[student]]>
              </value>
            </param>
            <param index="1">
              <value>
                <![CDATA[Password123]]>
              </value>
            </param>
          </params>
          <reporter-output>
          </reporter-output>
        </test-method> <!-- verifyLogin -->
        <test-method is-config="true" signature="tearDown()[pri:0, instance:tests.LoginTest@3f197a46]" started-at="2026-08-27T21:07:29 EDT" name="tearDown" finished-at="2026-08-27T21:07:30 EDT" duration-ms="246" status="PASS">
          <reporter-output>
          </reporter-output>
        </test-method> <!-- tearDown -->
        <test-method is-config="true" signature="setup()[pri:0, instance:tests.LoginTest@3f197a46]" started-at="2026-08-27T21:07:30 EDT" name="setup" finished-at="2026-08-27T21:07:31 EDT" duration-ms="1539" status="PASS">
          <reporter-output>
          </reporter-output>
        </test-method> <!-- setup -->
        <test-method signature="verifyLogin(java.lang.String,java.lang.String)[pri:0, instance:tests.LoginTest@3f197a46]" started-at="2026-08-27T21:07:31 EDT" name="verifyLogin" data-provider="loginData" finished-at="2026-08-27T21:07:32 EDT" duration-ms="1006" status="PASS">
          <params>
            <param index="0">
              <value>
                <![CDATA[student]]>
              </value>
            </param>
            <param index="1">
              <value>
                <![CDATA[wrong123]]>
              </value>
            </param>
          </params>
          <reporter-output>
          </reporter-output>
        </test-method> <!-- verifyLogin -->
        <test-method is-config="true" signature="tearDown()[pri:0, instance:tests.LoginTest@3f197a46]" started-at="2026-08-27T21:07:32 EDT" name="tearDown" finished-at="2026-08-27T21:07:32 EDT" duration-ms="242" status="PASS">
          <reporter-output>
          </reporter-output>
        </test-method> <!-- tearDown -->
      </class> <!-- tests.LoginTest -->
    </test> <!-- Tests -->
  </suite> <!-- Suite -->
</testng-results>
